[0.265s] Invoking command in '/home/mikes/ros2_ws/src/build/arm_robot_description': CMAKE_PREFIX_PATH=${CMAKE_PREFIX_PATH}:/home/mikes/ros2_ws/install/my_py_pkg:/opt/ros/humble /usr/bin/cmake /home/mikes/ros2_ws/src/arm_robot_description -DCMAKE_INSTALL_PREFIX=/home/mikes/ros2_ws/src/install/arm_robot_description
[0.314s] -- The C compiler identification is GNU 11.4.0
[0.374s] -- The CXX compiler identification is GNU 11.4.0
[0.385s] -- Detecting C compiler ABI info
[0.454s] -- Detecting C compiler ABI info - done
[0.464s] -- Check for working C compiler: /usr/bin/cc - skipped
[0.464s] -- Detecting C compile features
[0.465s] -- Detecting C compile features - done
[0.468s] -- Detecting CXX compiler ABI info
[0.543s] -- Detecting CXX compiler ABI info - done
[0.552s] -- Check for working CXX compiler: /usr/bin/c++ - skipped
[0.553s] -- Detecting CXX compile features
[0.553s] -- Detecting CXX compile features - done
[0.556s] -- Found ament_cmake: 1.3.5 (/opt/ros/humble/share/ament_cmake/cmake)
[0.739s] -- Found Python3: /usr/bin/python3.10 (found version "3.10.12") found components: Interpreter 
[0.957s] -- Configuring done
[0.961s] -- Generating done
[0.961s] -- Build files have been written to: /home/mikes/ros2_ws/src/build/arm_robot_description
[0.988s] Invoked command in '/home/mikes/ros2_ws/src/build/arm_robot_description' returned '0': CMAKE_PREFIX_PATH=${CMAKE_PREFIX_PATH}:/home/mikes/ros2_ws/install/my_py_pkg:/opt/ros/humble /usr/bin/cmake /home/mikes/ros2_ws/src/arm_robot_description -DCMAKE_INSTALL_PREFIX=/home/mikes/ros2_ws/src/install/arm_robot_description
[0.989s] Invoking command in '/home/mikes/ros2_ws/src/build/arm_robot_description': CMAKE_PREFIX_PATH=${CMAKE_PREFIX_PATH}:/home/mikes/ros2_ws/install/my_py_pkg:/opt/ros/humble /usr/bin/cmake --build /home/mikes/ros2_ws/src/build/arm_robot_description -- -j8 -l8
[1.025s] Invoked command in '/home/mikes/ros2_ws/src/build/arm_robot_description' returned '0': CMAKE_PREFIX_PATH=${CMAKE_PREFIX_PATH}:/home/mikes/ros2_ws/install/my_py_pkg:/opt/ros/humble /usr/bin/cmake --build /home/mikes/ros2_ws/src/build/arm_robot_description -- -j8 -l8
[1.046s] Invoking command in '/home/mikes/ros2_ws/src/build/arm_robot_description': CMAKE_PREFIX_PATH=${CMAKE_PREFIX_PATH}:/home/mikes/ros2_ws/install/my_py_pkg:/opt/ros/humble /usr/bin/cmake --install /home/mikes/ros2_ws/src/build/arm_robot_description
[1.053s] -- Install configuration: ""
[1.054s] -- Installing: /home/mikes/ros2_ws/src/install/arm_robot_description/share/arm_robot_description//urdf
[1.054s] -- Installing: /home/mikes/ros2_ws/src/install/arm_robot_description/share/arm_robot_description//urdf/arm_robot.urdf.xacro
[1.054s] -- Installing: /home/mikes/ros2_ws/src/install/arm_robot_description/share/arm_robot_description//urdf/ruxonros2.trans
[1.054s] -- Installing: /home/mikes/ros2_ws/src/install/arm_robot_description/share/arm_robot_description//urdf/ruxonros2.gazebo
[1.054s] -- Installing: /home/mikes/ros2_ws/src/install/arm_robot_description/share/arm_robot_description//urdf/ruxonros2.xacro
[1.055s] -- Installing: /home/mikes/ros2_ws/src/install/arm_robot_description/share/arm_robot_description//urdf/materials.xacro
[1.055s] -- Installing: /home/mikes/ros2_ws/src/install/arm_robot_description/share/arm_robot_description//launch
[1.055s] -- Installing: /home/mikes/ros2_ws/src/install/arm_robot_description/share/arm_robot_description//launch/display.launch.xml
[1.055s] -- Installing: /home/mikes/ros2_ws/src/install/arm_robot_description/share/arm_robot_description//launch/display.launch.py
[1.055s] -- Installing: /home/mikes/ros2_ws/src/install/arm_robot_description/share/arm_robot_description//meshes
[1.055s] -- Installing: /home/mikes/ros2_ws/src/install/arm_robot_description/share/arm_robot_description//meshes/V_1.stl
[1.056s] -- Installing: /home/mikes/ros2_ws/src/install/arm_robot_description/share/arm_robot_description//meshes/Z_1.stl
[1.056s] -- Installing: /home/mikes/ros2_ws/src/install/arm_robot_description/share/arm_robot_description//meshes/base_link.stl
[1.056s] -- Installing: /home/mikes/ros2_ws/src/install/arm_robot_description/share/arm_robot_description//meshes/U_1.stl
[1.056s] -- Installing: /home/mikes/ros2_ws/src/install/arm_robot_description/share/arm_robot_description//meshes/Y_1.stl
[1.058s] -- Installing: /home/mikes/ros2_ws/src/install/arm_robot_description/share/arm_robot_description//meshes/W_1.stl
[1.058s] -- Installing: /home/mikes/ros2_ws/src/install/arm_robot_description/share/arm_robot_description//meshes/X_1.stl
[1.058s] -- Installing: /home/mikes/ros2_ws/src/install/arm_robot_description/share/arm_robot_description//rviz
[1.058s] -- Installing: /home/mikes/ros2_ws/src/install/arm_robot_description/share/arm_robot_description//rviz/urdf_config.rviz
[1.059s] -- Installing: /home/mikes/ros2_ws/src/install/arm_robot_description/share/ament_index/resource_index/package_run_dependencies/arm_robot_description
[1.059s] -- Installing: /home/mikes/ros2_ws/src/install/arm_robot_description/share/ament_index/resource_index/parent_prefix_path/arm_robot_description
[1.059s] -- Installing: /home/mikes/ros2_ws/src/install/arm_robot_description/share/arm_robot_description/environment/ament_prefix_path.sh
[1.059s] -- Installing: /home/mikes/ros2_ws/src/install/arm_robot_description/share/arm_robot_description/environment/ament_prefix_path.dsv
[1.059s] -- Installing: /home/mikes/ros2_ws/src/install/arm_robot_description/share/arm_robot_description/environment/path.sh
[1.059s] -- Installing: /home/mikes/ros2_ws/src/install/arm_robot_description/share/arm_robot_description/environment/path.dsv
[1.059s] -- Installing: /home/mikes/ros2_ws/src/install/arm_robot_description/share/arm_robot_description/local_setup.bash
[1.060s] -- Installing: /home/mikes/ros2_ws/src/install/arm_robot_description/share/arm_robot_description/local_setup.sh
[1.060s] -- Installing: /home/mikes/ros2_ws/src/install/arm_robot_description/share/arm_robot_description/local_setup.zsh
[1.060s] -- Installing: /home/mikes/ros2_ws/src/install/arm_robot_description/share/arm_robot_description/local_setup.dsv
[1.060s] -- Installing: /home/mikes/ros2_ws/src/install/arm_robot_description/share/arm_robot_description/package.dsv
[1.060s] -- Installing: /home/mikes/ros2_ws/src/install/arm_robot_description/share/ament_index/resource_index/packages/arm_robot_description
[1.060s] -- Installing: /home/mikes/ros2_ws/src/install/arm_robot_description/share/arm_robot_description/cmake/arm_robot_descriptionConfig.cmake
[1.061s] -- Installing: /home/mikes/ros2_ws/src/install/arm_robot_description/share/arm_robot_description/cmake/arm_robot_descriptionConfig-version.cmake
[1.061s] -- Installing: /home/mikes/ros2_ws/src/install/arm_robot_description/share/arm_robot_description/package.xml
[1.063s] Invoked command in '/home/mikes/ros2_ws/src/build/arm_robot_description' returned '0': CMAKE_PREFIX_PATH=${CMAKE_PREFIX_PATH}:/home/mikes/ros2_ws/install/my_py_pkg:/opt/ros/humble /usr/bin/cmake --install /home/mikes/ros2_ws/src/build/arm_robot_description
