[0.027s] Invoking command in '/home/mikes/ros2_ws/src/build/my_cpp_pkg': CMAKE_PREFIX_PATH=${CMAKE_PREFIX_PATH}:/home/mikes/ros2_ws/install/my_py_pkg:/opt/ros/humble /usr/bin/cmake /home/mikes/ros2_ws/src/my_cpp_pkg -DCMAKE_INSTALL_PREFIX=/home/mikes/ros2_ws/src/install/my_cpp_pkg
[0.082s] -- The C compiler identification is GNU 11.4.0
[0.144s] -- The CXX compiler identification is GNU 11.4.0
[0.155s] -- Detecting C compiler ABI info
[0.221s] -- Detecting C compiler ABI info - done
[0.238s] -- Check for working C compiler: /usr/bin/cc - skipped
[0.239s] -- Detecting C compile features
[0.239s] -- Detecting C compile features - done
[0.243s] -- Detecting CXX compiler ABI info
[0.325s] -- Detecting CXX compiler ABI info - done
[0.343s] -- Check for working CXX compiler: /usr/bin/c++ - skipped
[0.343s] -- Detecting CXX compile features
[0.344s] -- Detecting CXX compile features - done
[0.347s] -- Found ament_cmake: 1.3.5 (/opt/ros/humble/share/ament_cmake/cmake)
[0.579s] -- Found Python3: /usr/bin/python3.10 (found version "3.10.12") found components: Interpreter 
[0.707s] -- Found rclcpp: 16.0.5 (/opt/ros/humble/share/rclcpp/cmake)
[0.756s] -- Found rosidl_generator_c: 3.1.5 (/opt/ros/humble/share/rosidl_generator_c/cmake)
[0.762s] -- Found rosidl_adapter: 3.1.5 (/opt/ros/humble/share/rosidl_adapter/cmake)
[0.772s] -- Found rosidl_generator_cpp: 3.1.5 (/opt/ros/humble/share/rosidl_generator_cpp/cmake)
[0.789s] -- Using all available rosidl_typesupport_c: rosidl_typesupport_fastrtps_c;rosidl_typesupport_introspection_c
[0.815s] -- Using all available rosidl_typesupport_cpp: rosidl_typesupport_fastrtps_cpp;rosidl_typesupport_introspection_cpp
[0.909s] -- Found rmw_implementation_cmake: 6.1.1 (/opt/ros/humble/share/rmw_implementation_cmake/cmake)
[0.913s] -- Found rmw_fastrtps_cpp: 6.2.3 (/opt/ros/humble/share/rmw_fastrtps_cpp/cmake)
[1.138s] -- Found OpenSSL: /usr/lib/x86_64-linux-gnu/libcrypto.so (found version "3.0.2")  
[1.165s] -- Found FastRTPS: /opt/ros/humble/include  
[1.220s] -- Using RMW implementation 'rmw_fastrtps_cpp' as default
[1.239s] -- Looking for pthread.h
[1.318s] -- Looking for pthread.h - found
[1.319s] -- Performing Test CMAKE_HAVE_LIBC_PTHREAD
[1.390s] -- Performing Test CMAKE_HAVE_LIBC_PTHREAD - Success
[1.392s] -- Found Threads: TRUE  
[1.600s] -- Found example_interfaces: 0.9.3 (/opt/ros/humble/share/example_interfaces/cmake)
[1.885s] -- Configuring done
[1.902s] -- Generating done
[1.904s] -- Build files have been written to: /home/mikes/ros2_ws/src/build/my_cpp_pkg
