[0.119s] Invoking command in '/home/mikes/ros2_ws/src/build/my_cpp_pkg': CMAKE_PREFIX_PATH=${CMAKE_PREFIX_PATH}:/home/mikes/ros2_ws/install/my_py_pkg:/opt/ros/humble /usr/bin/cmake --build /home/mikes/ros2_ws/src/build/my_cpp_pkg -- -j8 -l8
[0.181s] -- Found ament_cmake: 1.3.5 (/opt/ros/humble/share/ament_cmake/cmake)
[0.363s] -- Found rclcpp: 16.0.6 (/opt/ros/humble/share/rclcpp/cmake)
[0.842s] -- Found rosidl_generator_c: 3.1.5 (/opt/ros/humble/share/rosidl_generator_c/cmake)
[0.845s] -- Found rosidl_adapter: 3.1.5 (/opt/ros/humble/share/rosidl_adapter/cmake)
[0.873s] -- Found rosidl_generator_cpp: 3.1.5 (/opt/ros/humble/share/rosidl_generator_cpp/cmake)
[0.925s] -- Using all available rosidl_typesupport_c: rosidl_typesupport_fastrtps_c;rosidl_typesupport_introspection_c
[0.946s] -- Using all available rosidl_typesupport_cpp: rosidl_typesupport_fastrtps_cpp;rosidl_typesupport_introspection_cpp
[1.256s] -- Found rmw_implementation_cmake: 6.1.1 (/opt/ros/humble/share/rmw_implementation_cmake/cmake)
[1.261s] -- Found rmw_fastrtps_cpp: 6.2.4 (/opt/ros/humble/share/rmw_fastrtps_cpp/cmake)
[1.564s] -- Using RMW implementation 'rmw_fastrtps_cpp' as default
[1.972s] -- Found example_interfaces: 0.9.3 (/opt/ros/humble/share/example_interfaces/cmake)
[2.293s] -- Configuring done
[2.309s] -- Generating done
[2.311s] -- Build files have been written to: /home/mikes/ros2_ws/src/build/my_cpp_pkg
[2.343s] [ 50%] [32mBuilding CXX object CMakeFiles/cpp_node.dir/src/my_first_node.cpp.o[0m
[2.343s] [ 50%] [32mBuilding CXX object CMakeFiles/robot_news_station.dir/src/robot_news_station.cpp.o[0m
[9.313s] [ 75%] [32m[1mLinking CXX executable cpp_node[0m
[9.502s] [ 75%] Built target cpp_node
[10.480s] [100%] [32m[1mLinking CXX executable robot_news_station[0m
[10.757s] [100%] Built target robot_news_station
