-- The C compiler identification is GNU 11.4.0
-- The CXX compiler identification is GNU 11.4.0
-- Detecting C compiler ABI info
-- Detecting C compiler ABI info - done
-- Check for working C compiler: /usr/bin/cc - skipped
-- Detecting C compile features
-- Detecting C compile features - done
-- Detecting CXX compiler ABI info
-- Detecting CXX compiler ABI info - done
-- Check for working CXX compiler: /usr/bin/c++ - skipped
-- Detecting CXX compile features
-- Detecting CXX compile features - done
-- Found ament_cmake: 1.3.5 (/opt/ros/humble/share/ament_cmake/cmake)
-- Found Python3: /usr/bin/python3.10 (found version "3.10.12") found components: Interpreter 
-- Configuring done
-- Generating done
-- Build files have been written to: /home/mikes/ros2_ws/src/build/new_robot_bringup
-- Install configuration: ""
-- Installing: /home/mikes/ros2_ws/src/install/new_robot_bringup/share/new_robot_bringup//launch
-- Installing: /home/mikes/ros2_ws/src/install/new_robot_bringup/share/new_robot_bringup//launch/my_robot_gazebo.launch.xml
[31mCMake Error at cmake_install.cmake:46 (file):
  file INSTALL cannot find "/home/mikes/ros2_ws/src/new_robot_bringup/rviz":
  No such file or directory.

[0m
