[0.103s] Invoking command in '/home/mikes/ros2_ws/src/build/new_robot_bringup': AMENT_PREFIX_PATH=/home/mikes/ros2_ws/src/install/my_robot_description:${AMENT_PREFIX_PATH} CMAKE_PREFIX_PATH=/home/mikes/ros2_ws/src/install/my_robot_description:/home/mikes/ros2_ws/install/my_robot_bringup:/home/mikes/ros2_ws/install/my_robot_interfaces:/home/mikes/ros2_ws/install/arm_robot_bringup:/home/mikes/ros2_ws/install/my_robot_description:/home/mikes/ros2_ws/install/my_cpp_pkg:/home/mikes/ros2_ws/install/arm_robot_description:/home/mikes/ros2_ws/install/my_py_pkg:/opt/ros/humble /usr/bin/cmake /home/mikes/ros2_ws/src/new_robot_bringup -DCMAKE_INSTALL_PREFIX=/home/mikes/ros2_ws/src/install/new_robot_bringup
[0.157s] -- The C compiler identification is GNU 11.4.0
[0.220s] -- The CXX compiler identification is GNU 11.4.0
[0.227s] -- Detecting C compiler ABI info
[0.292s] -- Detecting C compiler ABI info - done
[0.301s] -- Check for working C compiler: /usr/bin/cc - skipped
[0.301s] -- Detecting C compile features
[0.302s] -- Detecting C compile features - done
[0.305s] -- Detecting CXX compiler ABI info
[0.379s] -- Detecting CXX compiler ABI info - done
[0.397s] -- Check for working CXX compiler: /usr/bin/c++ - skipped
[0.398s] -- Detecting CXX compile features
[0.398s] -- Detecting CXX compile features - done
[0.403s] -- Found ament_cmake: 1.3.5 (/opt/ros/humble/share/ament_cmake/cmake)
[0.605s] -- Found Python3: /usr/bin/python3.10 (found version "3.10.12") found components: Interpreter 
[0.795s] -- Configuring done
[0.797s] -- Generating done
[0.798s] -- Build files have been written to: /home/mikes/ros2_ws/src/build/new_robot_bringup
[0.803s] Invoked command in '/home/mikes/ros2_ws/src/build/new_robot_bringup' returned '0': AMENT_PREFIX_PATH=/home/mikes/ros2_ws/src/install/my_robot_description:${AMENT_PREFIX_PATH} CMAKE_PREFIX_PATH=/home/mikes/ros2_ws/src/install/my_robot_description:/home/mikes/ros2_ws/install/my_robot_bringup:/home/mikes/ros2_ws/install/my_robot_interfaces:/home/mikes/ros2_ws/install/arm_robot_bringup:/home/mikes/ros2_ws/install/my_robot_description:/home/mikes/ros2_ws/install/my_cpp_pkg:/home/mikes/ros2_ws/install/arm_robot_description:/home/mikes/ros2_ws/install/my_py_pkg:/opt/ros/humble /usr/bin/cmake /home/mikes/ros2_ws/src/new_robot_bringup -DCMAKE_INSTALL_PREFIX=/home/mikes/ros2_ws/src/install/new_robot_bringup
[0.804s] Invoking command in '/home/mikes/ros2_ws/src/build/new_robot_bringup': AMENT_PREFIX_PATH=/home/mikes/ros2_ws/src/install/my_robot_description:${AMENT_PREFIX_PATH} CMAKE_PREFIX_PATH=/home/mikes/ros2_ws/src/install/my_robot_description:/home/mikes/ros2_ws/install/my_robot_bringup:/home/mikes/ros2_ws/install/my_robot_interfaces:/home/mikes/ros2_ws/install/arm_robot_bringup:/home/mikes/ros2_ws/install/my_robot_description:/home/mikes/ros2_ws/install/my_cpp_pkg:/home/mikes/ros2_ws/install/arm_robot_description:/home/mikes/ros2_ws/install/my_py_pkg:/opt/ros/humble /usr/bin/cmake --build /home/mikes/ros2_ws/src/build/new_robot_bringup -- -j8 -l8
[0.838s] Invoked command in '/home/mikes/ros2_ws/src/build/new_robot_bringup' returned '0': AMENT_PREFIX_PATH=/home/mikes/ros2_ws/src/install/my_robot_description:${AMENT_PREFIX_PATH} CMAKE_PREFIX_PATH=/home/mikes/ros2_ws/src/install/my_robot_description:/home/mikes/ros2_ws/install/my_robot_bringup:/home/mikes/ros2_ws/install/my_robot_interfaces:/home/mikes/ros2_ws/install/arm_robot_bringup:/home/mikes/ros2_ws/install/my_robot_description:/home/mikes/ros2_ws/install/my_cpp_pkg:/home/mikes/ros2_ws/install/arm_robot_description:/home/mikes/ros2_ws/install/my_py_pkg:/opt/ros/humble /usr/bin/cmake --build /home/mikes/ros2_ws/src/build/new_robot_bringup -- -j8 -l8
[0.858s] Invoking command in '/home/mikes/ros2_ws/src/build/new_robot_bringup': AMENT_PREFIX_PATH=/home/mikes/ros2_ws/src/install/my_robot_description:${AMENT_PREFIX_PATH} CMAKE_PREFIX_PATH=/home/mikes/ros2_ws/src/install/my_robot_description:/home/mikes/ros2_ws/install/my_robot_bringup:/home/mikes/ros2_ws/install/my_robot_interfaces:/home/mikes/ros2_ws/install/arm_robot_bringup:/home/mikes/ros2_ws/install/my_robot_description:/home/mikes/ros2_ws/install/my_cpp_pkg:/home/mikes/ros2_ws/install/arm_robot_description:/home/mikes/ros2_ws/install/my_py_pkg:/opt/ros/humble /usr/bin/cmake --install /home/mikes/ros2_ws/src/build/new_robot_bringup
[0.866s] -- Install configuration: ""
[0.866s] -- Installing: /home/mikes/ros2_ws/src/install/new_robot_bringup/share/new_robot_bringup//launch
[0.867s] -- Installing: /home/mikes/ros2_ws/src/install/new_robot_bringup/share/new_robot_bringup//launch/my_robot_gazebo.launch.xml
[0.867s] [31mCMake Error at cmake_install.cmake:46 (file):
[0.867s]   file INSTALL cannot find "/home/mikes/ros2_ws/src/new_robot_bringup/rviz":
[0.867s]   No such file or directory.
[0.867s] 
[0.868s] [0m
[0.869s] Invoked command in '/home/mikes/ros2_ws/src/build/new_robot_bringup' returned '1': AMENT_PREFIX_PATH=/home/mikes/ros2_ws/src/install/my_robot_description:${AMENT_PREFIX_PATH} CMAKE_PREFIX_PATH=/home/mikes/ros2_ws/src/install/my_robot_description:/home/mikes/ros2_ws/install/my_robot_bringup:/home/mikes/ros2_ws/install/my_robot_interfaces:/home/mikes/ros2_ws/install/arm_robot_bringup:/home/mikes/ros2_ws/install/my_robot_description:/home/mikes/ros2_ws/install/my_cpp_pkg:/home/mikes/ros2_ws/install/arm_robot_description:/home/mikes/ros2_ws/install/my_py_pkg:/opt/ros/humble /usr/bin/cmake --install /home/mikes/ros2_ws/src/build/new_robot_bringup
