[0.020s] Invoking command in '/home/mikes/ros2_ws/src/build/ruxonros2_description': /usr/bin/cmake /home/mikes/ros2_ws/src/ROS-main -DCATKIN_INSTALL_INTO_PREFIX_ROOT=0 -DCMAKE_INSTALL_PREFIX=/home/mikes/ros2_ws/src/install/ruxonros2_description
[0.027s] [0mCMake Deprecation Warning at CMakeLists.txt:1 (cmake_minimum_required):
[0.027s]   Compatibility with CMake < 2.8.12 will be removed from a future version of
[0.027s]   CMake.
[0.027s] 
[0.027s]   Update the VERSION argument <min> value or use a ...<max> suffix to tell
[0.027s]   CMake that the project does not need compatibility with older versions.
[0.027s] 
[0.028s] [0m
[0.080s] -- The C compiler identification is GNU 11.4.0
[0.144s] -- The CXX compiler identification is GNU 11.4.0
[0.154s] -- Detecting C compiler ABI info
[0.222s] -- Detecting C compiler ABI info - done
[0.234s] -- Check for working C compiler: /usr/bin/cc - skipped
[0.234s] -- Detecting C compile features
[0.234s] -- Detecting C compile features - done
[0.239s] -- Detecting CXX compiler ABI info
[0.322s] -- Detecting CXX compiler ABI info - done
[0.334s] -- Check for working CXX compiler: /usr/bin/c++ - skipped
[0.334s] -- Detecting CXX compile features
[0.335s] -- Detecting CXX compile features - done
[0.344s] [31mCMake Error at CMakeLists.txt:10 (find_package):
[0.344s]   By not providing "Findcatkin.cmake" in CMAKE_MODULE_PATH this project has
[0.345s]   asked CMake to find a package configuration file provided by "catkin", but
[0.345s]   CMake did not find one.
[0.345s] 
[0.345s]   Could not find a package configuration file provided by "catkin" with any
[0.345s]   of the following names:
[0.345s] 
[0.346s]     catkinConfig.cmake
[0.346s]     catkin-config.cmake
[0.346s] 
[0.346s]   Add the installation prefix of "catkin" to CMAKE_PREFIX_PATH or set
[0.346s]   "catkin_DIR" to a directory containing one of the above files.  If "catkin"
[0.346s]   provides a separate development package or SDK, be sure it has been
[0.346s]   installed.
[0.347s] 
[0.347s] [0m
[0.347s] -- Configuring incomplete, errors occurred!
[0.347s] See also "/home/mikes/ros2_ws/src/build/ruxonros2_description/CMakeFiles/CMakeOutput.log".
[0.348s] Invoked command in '/home/mikes/ros2_ws/src/build/ruxonros2_description' returned '1': /usr/bin/cmake /home/mikes/ros2_ws/src/ROS-main -DCATKIN_INSTALL_INTO_PREFIX_ROOT=0 -DCMAKE_INSTALL_PREFIX=/home/mikes/ros2_ws/src/install/ruxonros2_description
