[0.191s] Invoking command in '/home/mikes/ros2_ws/src/build/my_robot_description': CMAKE_PREFIX_PATH=${CMAKE_PREFIX_PATH}:/home/mikes/ros2_ws/install/my_py_pkg:/opt/ros/humble /usr/bin/cmake --build /home/mikes/ros2_ws/src/build/my_robot_description -- -j8 -l8
[0.232s] -- Found ament_cmake: 1.3.5 (/opt/ros/humble/share/ament_cmake/cmake)
[0.502s] -- Configuring done
[0.507s] -- Generating done
[0.508s] -- Build files have been written to: /home/mikes/ros2_ws/src/build/my_robot_description
[0.529s] Invoked command in '/home/mikes/ros2_ws/src/build/my_robot_description' returned '0': CMAKE_PREFIX_PATH=${CMAKE_PREFIX_PATH}:/home/mikes/ros2_ws/install/my_py_pkg:/opt/ros/humble /usr/bin/cmake --build /home/mikes/ros2_ws/src/build/my_robot_description -- -j8 -l8
[0.557s] Invoking command in '/home/mikes/ros2_ws/src/build/my_robot_description': CMAKE_PREFIX_PATH=${CMAKE_PREFIX_PATH}:/home/mikes/ros2_ws/install/my_py_pkg:/opt/ros/humble /usr/bin/cmake --install /home/mikes/ros2_ws/src/build/my_robot_description
[0.564s] -- Install configuration: ""
[0.564s] -- Installing: /home/mikes/ros2_ws/src/install/my_robot_description/share/my_robot_description//urdf
[0.564s] -- Installing: /home/mikes/ros2_ws/src/install/my_robot_description/share/my_robot_description//urdf/my_robot.urdf.xacro
[0.565s] -- Installing: /home/mikes/ros2_ws/src/install/my_robot_description/share/my_robot_description//urdf/mobile_base.xacro
[0.565s] -- Installing: /home/mikes/ros2_ws/src/install/my_robot_description/share/my_robot_description//urdf/common_properties.xacro
[0.565s] -- Installing: /home/mikes/ros2_ws/src/install/my_robot_description/share/my_robot_description//launch
[0.565s] -- Installing: /home/mikes/ros2_ws/src/install/my_robot_description/share/my_robot_description//launch/display.launch.xml
[0.565s] -- Installing: /home/mikes/ros2_ws/src/install/my_robot_description/share/my_robot_description//rviz
[0.566s] -- Installing: /home/mikes/ros2_ws/src/install/my_robot_description/share/my_robot_description//rviz/urdf_config.rviz
[0.592s] -- Installing: /home/mikes/ros2_ws/src/install/my_robot_description/share/ament_index/resource_index/package_run_dependencies/my_robot_description
[0.593s] -- Installing: /home/mikes/ros2_ws/src/install/my_robot_description/share/ament_index/resource_index/parent_prefix_path/my_robot_description
[0.593s] -- Installing: /home/mikes/ros2_ws/src/install/my_robot_description/share/my_robot_description/environment/ament_prefix_path.sh
[0.593s] -- Installing: /home/mikes/ros2_ws/src/install/my_robot_description/share/my_robot_description/environment/ament_prefix_path.dsv
[0.593s] -- Installing: /home/mikes/ros2_ws/src/install/my_robot_description/share/my_robot_description/environment/path.sh
[0.593s] -- Installing: /home/mikes/ros2_ws/src/install/my_robot_description/share/my_robot_description/environment/path.dsv
[0.594s] -- Installing: /home/mikes/ros2_ws/src/install/my_robot_description/share/my_robot_description/local_setup.bash
[0.594s] -- Installing: /home/mikes/ros2_ws/src/install/my_robot_description/share/my_robot_description/local_setup.sh
[0.594s] -- Installing: /home/mikes/ros2_ws/src/install/my_robot_description/share/my_robot_description/local_setup.zsh
[0.594s] -- Installing: /home/mikes/ros2_ws/src/install/my_robot_description/share/my_robot_description/local_setup.dsv
[0.594s] -- Installing: /home/mikes/ros2_ws/src/install/my_robot_description/share/my_robot_description/package.dsv
[0.595s] -- Installing: /home/mikes/ros2_ws/src/install/my_robot_description/share/ament_index/resource_index/packages/my_robot_description
[0.595s] -- Installing: /home/mikes/ros2_ws/src/install/my_robot_description/share/my_robot_description/cmake/my_robot_descriptionConfig.cmake
[0.595s] -- Installing: /home/mikes/ros2_ws/src/install/my_robot_description/share/my_robot_description/cmake/my_robot_descriptionConfig-version.cmake
[0.595s] -- Installing: /home/mikes/ros2_ws/src/install/my_robot_description/share/my_robot_description/package.xml
[0.598s] Invoked command in '/home/mikes/ros2_ws/src/build/my_robot_description' returned '0': CMAKE_PREFIX_PATH=${CMAKE_PREFIX_PATH}:/home/mikes/ros2_ws/install/my_py_pkg:/opt/ros/humble /usr/bin/cmake --install /home/mikes/ros2_ws/src/build/my_robot_description
